⚙️  Applying UFW web-only inbound policy...
Default incoming policy changed to 'deny'
(be sure to update your rules accordingly)
Default outgoing policy changed to 'allow'
(be sure to update your rules accordingly)
Skipping adding existing rule
Skipping adding existing rule (v6)
Skipping adding existing rule
Skipping adding existing rule (v6)
Skipping adding existing rule
Skipping adding existing rule (v6)
🔐 SSH (22/tcp) allowed inbound.
Firewall reloaded
Status: active
Logging: on (low)
Default: deny (incoming), allow (outgoing), disabled (routed)
New profiles: skip

To                         Action      From
--                         ------      ----
80/tcp                     ALLOW IN    Anywhere                  
443/tcp                    ALLOW IN    Anywhere                  
22/tcp                     ALLOW IN    Anywhere                  
80/tcp (v6)                ALLOW IN    Anywhere (v6)             
443/tcp (v6)               ALLOW IN    Anywhere (v6)             
22/tcp (v6)                ALLOW IN    Anywhere (v6)             

✅ UFW web-only policy applied.
